Change Component Designator: Old Designator=3V3 New Designator=1
Change Component Designator: Old Designator=BOOT New Designator=BOOT2
Change Component Designator: Old Designator=C2R New Designator=C3
Change Component Designator: Old Designator=C2T New Designator=C4
Change Component Designator: Old Designator=C301 New Designator=C1
Change Component Designator: Old Designator=C302 New Designator=C5
Change Component Designator: Old Designator=C303 New Designator=C8
Change Component Designator: Old Designator=C304 New Designator=C10
Change Component Designator: Old Designator=C305 New Designator=C11
Change Component Designator: Old Designator=C310 New Designator=C12
Change Component Designator: Old Designator=C311 New Designator=C13
Change Component Designator: Old Designator=C312 New Designator=C14
Change Component Designator: Old Designator=C313 New Designator=C15
Change Component Designator: Old Designator=C314 New Designator=C16
Change Component Designator: Old Designator=C315 New Designator=C17
Change Component Designator: Old Designator=C316 New Designator=C18
Change Component Designator: Old Designator=C317 New Designator=C6
Change Component Designator: Old Designator=C319 New Designator=C7
Change Component Designator: Old Designator=C320 New Designator=C9
Change Component Designator: Old Designator=C505 New Designator=C2
Change Component Designator: Old Designator=D301 New Designator=D1
Change Component Designator: Old Designator=JTAG New Designator=JTAG1
Change Component Designator: Old Designator=R301 New Designator=R3
Change Component Designator: Old Designator=R302 New Designator=R1
Change Component Designator: Old Designator=R318 New Designator=R2
Change Component Designator: Old Designator=R319 New Designator=R4
Change Component Designator: Old Designator=RST New Designator=RST1
Change Component Designator: Old Designator=U301 New Designator=U1
Change Component Designator: Old Designator=U302 New Designator=U2
Change Component Designator: Old Designator=U304 New Designator=U4
Change Component Designator: Old Designator=U505 New Designator=U3
Change Component Designator: Old Designator=X301 New Designator=X1
