Change Component Designator: Old Designator=C103 New Designator=C34
Change Component Designator: Old Designator=C105 New Designator=C33
Change Component Designator: Old Designator=C118 New Designator=C35
Change Component Designator: Old Designator=C119 New Designator=C36
Change Component Designator: Old Designator=C120 New Designator=C37
Change Component Designator: Old Designator=D101 New Designator=D3
Change Component Designator: Old Designator=D102 New Designator=D2
Change Component Designator: Old Designator=fid2 New Designator=fid3
Change Component Designator: Old Designator=fid3 New Designator=fid2
Change Component Designator: Old Designator=FR101 New Designator=FR2
Change Component Designator: Old Designator=FR102 New Designator=FR3
Change Component Designator: Old Designator=FR106 New Designator=FR1
Change Component Designator: Old Designator=LED100 New Designator=LED1
Change Component Designator: Old Designator=POWER LED New Designator=POWER LED1
Change Component Designator: Old Designator=Q100 New Designator=Q1
Change Component Designator: Old Designator=R102 New Designator=R9
Change Component Designator: Old Designator=R103 New Designator=R11
Change Component Designator: Old Designator=R104 New Designator=R10
Change Component Designator: Old Designator=R105 New Designator=R13
Change Component Designator: Old Designator=R113 New Designator=R6
Change Component Designator: Old Designator=R114 New Designator=R7
Change Component Designator: Old Designator=R115 New Designator=R8
Change Component Designator: Old Designator=R118 New Designator=R16
Change Component Designator: Old Designator=R130 New Designator=R15
Change Component Designator: Old Designator=R131 New Designator=R17
Change Component Designator: Old Designator=R132 New Designator=R14
Change Component Designator: Old Designator=R140 New Designator=R12
Change Component Designator: Old Designator=TVS103 New Designator=TVS1
Change Component Designator: Old Designator=U103 New Designator=U10
